[0m[[0m[0mdebug[0m] [0m[0m> Exec(__runWatch console0, Some(a4b69ebf-c987-40d5-87c4-dce89c006bbf), Some(CommandSource(console0)))[0m
[0m[[0m[0mdebug[0m] [0m[0m> Exec(sbtStashOnFailure, None, Some(CommandSource(console0)))[0m
[0m[[0m[0mdebug[0m] [0m[0m> Exec(__preWatch console0, None, Some(CommandSource(console0)))[0m
[0m[[0m[0mdebug[0m] [0m[0m> Exec(run, None, Some(CommandSource(console0)))[0m
[0m[[0m[0mdebug[0m] [0m[0mEvaluating tasks: Compile / run[0m
[0m[[0m[0mdebug[0m] [0m[0mRunning task... Cancel: Signal, check cycles: false, forcegc: true[0m
[0m[[0m[0minfo[0m] [0m[0mcompiling 1 Scala source to /home/yanov2708/dev/labbbb_1/target/scala-3.1.3/classes ...[0m
[0m[[0m[31merror[0m] [0m[0m[31m[31m-- [E007] Type Mismatch Error: /home/yanov2708/dev/labbbb_1/src/main/scala/Main.scala:84:9 [0m[0m[0m
[0m[[0m[31merror[0m] [0m[0m[31m84 |[0m      go([33mthis[0m, f)[0m
[0m[[0m[31merror[0m] [0m[0m[31m[31m   |[0m         ^^^^[0m[0m
[0m[[0m[31merror[0m] [0m[0m[31m   |[0m         Found:    (MyList.this : MyList[A])[0m
[0m[[0m[31merror[0m] [0m[0m[31m   |[0m         Required: MyList[A²][0m
[0m[[0m[31merror[0m] [0m[0m[31m   |[0m[0m
[0m[[0m[31merror[0m] [0m[0m[31m   |[0m         where:    A  is a type in [33mclass[0m [35mMyList[0m[0m
[0m[[0m[31merror[0m] [0m[0m[31m   |[0m                   A² is a type in [33mmethod[0m [35mreduce[0m[0m
[0m[[0m[31merror[0m] [0m[0m[31m   |[0m[0m
[0m[[0m[31merror[0m] [0m[0m[31m   |[0m longer explanation available when compiling with `-explain`[0m
[0m[[0m[31merror[0m] [0m[0mone error found[0m
[0m[[0m[31merror[0m] [0m[0m(Compile / [31mcompileIncremental[0m) Compilation failed[0m
[0m[[0m[31merror[0m] [0m[0mTotal time: 1 s, completed Jun 23, 2022 5:57:26 PM[0m
[0m[[0m[0mdebug[0m] [0m[0m> Exec(resumeFromFailure, None, Some(CommandSource(console0)))[0m
[0m[[0m[0mdebug[0m] [0m[0m> Exec(sbtPopOnFailure, None, Some(CommandSource(console0)))[0m
[0m[[0m[0mdebug[0m] [0m[0m> Exec(__postWatch console0, None, Some(CommandSource(console0)))[0m
[0m[[0m[0mdebug[0m] [0m[0m> Exec(resumeFromFailure, None, None)[0m
[0m[[0m[0mdebug[0m] [0m[0m> Exec(__waitWatch console0, None, None)[0m
