2022.06.23 16:45:18 INFO  tracing is disabled for protocol LSP, to enable tracing of incoming and outgoing JSON messages create an empty file at /home/yanov2708/dev/labbbb_1/.metals/lsp.trace.json or /home/yanov2708/.cache/metals/lsp.trace.json[0m
2022.06.23 16:45:19 INFO  logging to file /home/yanov2708/dev/labbbb_1/.metals/metals.log[0m
2022.06.23 16:45:19 INFO  Started: Metals version 0.11.6 in workspace '/home/yanov2708/dev/labbbb_1' for client Visual Studio Code 1.68.1.[0m
2022.06.23 16:45:19 INFO  time: initialize in 0.7s[0m
2022.06.23 16:45:19 WARN  Flyway upgrade recommended: H2 2.1.212 is newer than this version of Flyway and support has not been tested. The latest supported version of H2 is 2.1.210.[0m
2022.06.23 16:45:19 WARN  Build server is not auto-connectable.[0m
2022.06.23 16:45:22 INFO  running '/home/yanov2708/.cache/coursier/arc/https/github.com/AdoptOpenJDK/openjdk8-binaries/releases/download/jdk8u292-b10/OpenJDK8U-jdk_x64_linux_hotspot_8u292b10.tar.gz/jdk8u292-b10/bin/java -Djline.terminal=jline.UnsupportedTerminal -Dsbt.log.noformat=true -Dfile.encoding=UTF-8 -jar /tmp/metals75614821303892656/sbt-launch.jar -Dbloop.export-jar-classifiers=sources bloopInstall'[0m
2022.06.23 16:45:23 WARN  no build target for: /home/yanov2708/dev/labbbb_1/project/metals.sbt[0m
2022.06.23 16:45:23 WARN  no build target for: /home/yanov2708/dev/labbbb_1/project/project/metals.sbt[0m
2022.06.23 16:45:23 INFO  skipping build import with status 'Started'[0m
2022.06.23 16:45:25 INFO  [info] welcome to sbt 1.6.2 (AdoptOpenJDK Java 1.8.0_292)[0m
2022.06.23 16:45:25 INFO  no build target found for /home/yanov2708/dev/labbbb_1/project/metals.sbt. Using presentation compiler with project's scala-library version: 3.1.2[0m
2022.06.23 16:45:28 INFO  [info] loading settings for project labbbb_1-build-build from metals.sbt ...[0m
2022.06.23 16:45:28 INFO  [info] loading project definition from /home/yanov2708/dev/labbbb_1/project/project[0m
2022.06.23 16:45:36 INFO  [info] loading settings for project labbbb_1-build from metals.sbt ...[0m
2022.06.23 16:45:36 INFO  [info] loading project definition from /home/yanov2708/dev/labbbb_1/project[0m
2022.06.23 16:45:39 INFO  [success] Generated .bloop/labbbb_1-build.json[0m
2022.06.23 16:45:39 INFO  [success] Total time: 2 s, completed Jun 23, 2022 4:45:39 PM[0m
2022.06.23 16:45:40 INFO  [info] loading settings for project root from build.sbt ...[0m
2022.06.23 16:45:40 INFO  [info] set current project to labbbb_1 (in build file:/home/yanov2708/dev/labbbb_1/)[0m
2022.06.23 16:45:42 WARN  no build target for: /home/yanov2708/dev/labbbb_1/src/main/scala/Main.scala[0m
2022.06.23 16:45:48 INFO  [success] Generated .bloop/root.json[0m
2022.06.23 16:45:48 INFO  [success] Generated .bloop/root-test.json[0m
2022.06.23 16:45:48 INFO  [success] Total time: 8 s, completed Jun 23, 2022 4:45:48 PM[0m
2022.06.23 16:45:48 INFO  time: ran 'sbt bloopInstall' in 25s[0m
2022.06.23 16:45:48 INFO  Attempting to connect to the build server...[0m
2022.06.23 16:45:48 INFO  tracing is disabled for protocol BSP, to enable tracing of incoming and outgoing JSON messages create an empty file at /home/yanov2708/dev/labbbb_1/.metals/bsp.trace.json or /home/yanov2708/.cache/metals/bsp.trace.json[0m
2022.06.23 16:45:48 INFO  Attempting to connect to the build server...[0m
2022.06.23 16:45:48 INFO  tracing is disabled for protocol BSP, to enable tracing of incoming and outgoing JSON messages create an empty file at /home/yanov2708/dev/labbbb_1/project/.metals/bsp.trace.json or /home/yanov2708/.cache/metals/bsp.trace.json[0m
2022.06.23 16:45:48 INFO  time: Connected to build server in 0.37s[0m
2022.06.23 16:45:48 INFO  Connected to Build server: Bloop v1.5.0-18-003e6c7b[0m
2022.06.23 16:45:53 INFO  time: indexed workspace in 4.4s[0m
2022.06.23 16:46:37 INFO  compiling root (1 scala source)[0m
Jun 23, 2022 4:46:38 PM org.eclipse.lsp4j.jsonrpc.RemoteEndpoint fallbackResponseError
SEVERE: Internal error: java.lang.reflect.InvocationTargetException
java.lang.RuntimeException: java.lang.reflect.InvocationTargetException
	at org.eclipse.lsp4j.jsonrpc.services.GenericEndpoint.lambda$null$0(GenericEndpoint.java:67)
	at org.eclipse.lsp4j.jsonrpc.services.GenericEndpoint.request(GenericEndpoint.java:120)
	at org.eclipse.lsp4j.jsonrpc.RemoteEndpoint.handleRequest(RemoteEndpoint.java:261)
	at org.eclipse.lsp4j.jsonrpc.RemoteEndpoint.consume(RemoteEndpoint.java:190)
	at org.eclipse.lsp4j.jsonrpc.json.StreamMessageProducer.handleMessage(StreamMessageProducer.java:194)
	at org.eclipse.lsp4j.jsonrpc.json.StreamMessageProducer.listen(StreamMessageProducer.java:94)
	at org.eclipse.lsp4j.jsonrpc.json.ConcurrentMessageProcessor.run(ConcurrentMessageProcessor.java:113)
	at java.util.concurrent.Executors$RunnableAdapter.call(Executors.java:511)
	at java.util.concurrent.FutureTask.run(FutureTask.java:266)
	at java.util.concurrent.ThreadPoolExecutor.runWorker(ThreadPoolExecutor.java:1149)
	at java.util.concurrent.ThreadPoolExecutor$Worker.run(ThreadPoolExecutor.java:624)
	at java.lang.Thread.run(Thread.java:748)
Caused by: java.lang.reflect.InvocationTargetException
	at sun.reflect.NativeMethodAccessorImpl.invoke0(Native Method)
	at sun.reflect.NativeMethodAccessorImpl.invoke(NativeMethodAccessorImpl.java:62)
	at sun.reflect.DelegatingMethodAccessorImpl.invoke(DelegatingMethodAccessorImpl.java:43)
	at java.lang.reflect.Method.invoke(Method.java:498)
	at org.eclipse.lsp4j.jsonrpc.services.GenericEndpoint.lambda$null$0(GenericEndpoint.java:65)
	... 11 more
Caused by: java.lang.IllegalArgumentException: 30 is not a valid line number, allowed [0..0]
	at scala.meta.internal.inputs.InternalInput.lineToOffset(InternalInput.scala:37)
	at scala.meta.internal.inputs.InternalInput.lineToOffset$(InternalInput.scala:32)
	at scala.meta.inputs.Input$VirtualFile.lineToOffset(Input.scala:80)
	at scala.meta.inputs.Position$Range$.apply(Position.scala:59)
	at scala.meta.internal.mtags.MtagsEnrichments$XtensionPositionLspInverse.toMeta(MtagsEnrichments.scala:179)
	at scala.meta.internal.parsing.Trees.$anonfun$findLastEnclosingAt$4(Trees.scala:76)
	at scala.Option.flatMap(Option.scala:283)
	at scala.meta.internal.parsing.Trees.findLastEnclosingAt(Trees.scala:75)
	at scala.meta.internal.metals.codeactions.PatternMatchRefactor.contribute(PatternMatchRefactor.scala:96)
	at scala.meta.internal.metals.CodeActionProvider$$anonfun$1.applyOrElse(CodeActionProvider.scala:64)
	at scala.meta.internal.metals.CodeActionProvider$$anonfun$1.applyOrElse(CodeActionProvider.scala:63)
	at scala.collection.immutable.List.collect(List.scala:275)
	at scala.meta.internal.metals.CodeActionProvider.codeActions(CodeActionProvider.scala:63)
	at scala.meta.internal.metals.MetalsLanguageServer.$anonfun$codeAction$1(MetalsLanguageServer.scala:1649)
	at scala.meta.internal.metals.CancelTokens$.future(CancelTokens.scala:38)
	at scala.meta.internal.metals.MetalsLanguageServer.codeAction(MetalsLanguageServer.scala:1648)
	... 16 more

2022.06.23 16:46:42 INFO  compiling root-test (1 scala source)[0m
2022.06.23 16:46:42 INFO  time: compiled root in 4.77s[0m
Jun 23, 2022 4:46:42 PM org.eclipse.lsp4j.jsonrpc.RemoteEndpoint fallbackResponseError
SEVERE: Internal error: java.lang.reflect.InvocationTargetException
java.lang.RuntimeException: java.lang.reflect.InvocationTargetException
	at org.eclipse.lsp4j.jsonrpc.services.GenericEndpoint.lambda$null$0(GenericEndpoint.java:67)
	at org.eclipse.lsp4j.jsonrpc.services.GenericEndpoint.request(GenericEndpoint.java:120)
	at org.eclipse.lsp4j.jsonrpc.RemoteEndpoint.handleRequest(RemoteEndpoint.java:261)
	at org.eclipse.lsp4j.jsonrpc.RemoteEndpoint.consume(RemoteEndpoint.java:190)
	at org.eclipse.lsp4j.jsonrpc.json.StreamMessageProducer.handleMessage(StreamMessageProducer.java:194)
	at org.eclipse.lsp4j.jsonrpc.json.StreamMessageProducer.listen(StreamMessageProducer.java:94)
	at org.eclipse.lsp4j.jsonrpc.json.ConcurrentMessageProcessor.run(ConcurrentMessageProcessor.java:113)
	at java.util.concurrent.Executors$RunnableAdapter.call(Executors.java:511)
	at java.util.concurrent.FutureTask.run(FutureTask.java:266)
	at java.util.concurrent.ThreadPoolExecutor.runWorker(ThreadPoolExecutor.java:1149)
	at java.util.concurrent.ThreadPoolExecutor$Worker.run(ThreadPoolExecutor.java:624)
	at java.lang.Thread.run(Thread.java:748)
Caused by: java.lang.reflect.InvocationTargetException
	at sun.reflect.NativeMethodAccessorImpl.invoke0(Native Method)
	at sun.reflect.NativeMethodAccessorImpl.invoke(NativeMethodAccessorImpl.java:62)
	at sun.reflect.DelegatingMethodAccessorImpl.invoke(DelegatingMethodAccessorImpl.java:43)
	at java.lang.reflect.Method.invoke(Method.java:498)
	at org.eclipse.lsp4j.jsonrpc.services.GenericEndpoint.lambda$null$0(GenericEndpoint.java:65)
	... 11 more
Caused by: java.lang.IllegalArgumentException: 30 is not a valid line number, allowed [0..0]
	at scala.meta.internal.inputs.InternalInput.lineToOffset(InternalInput.scala:37)
	at scala.meta.internal.inputs.InternalInput.lineToOffset$(InternalInput.scala:32)
	at scala.meta.inputs.Input$VirtualFile.lineToOffset(Input.scala:80)
	at scala.meta.inputs.Position$Range$.apply(Position.scala:59)
	at scala.meta.internal.mtags.MtagsEnrichments$XtensionPositionLspInverse.toMeta(MtagsEnrichments.scala:179)
	at scala.meta.internal.parsing.Trees.$anonfun$findLastEnclosingAt$4(Trees.scala:76)
	at scala.Option.flatMap(Option.scala:283)
	at scala.meta.internal.parsing.Trees.findLastEnclosingAt(Trees.scala:75)
	at scala.meta.internal.metals.codeactions.PatternMatchRefactor.contribute(PatternMatchRefactor.scala:96)
	at scala.meta.internal.metals.CodeActionProvider$$anonfun$1.applyOrElse(CodeActionProvider.scala:64)
	at scala.meta.internal.metals.CodeActionProvider$$anonfun$1.applyOrElse(CodeActionProvider.scala:63)
	at scala.collection.immutable.List.collect(List.scala:275)
	at scala.meta.internal.metals.CodeActionProvider.codeActions(CodeActionProvider.scala:63)
	at scala.meta.internal.metals.MetalsLanguageServer.$anonfun$codeAction$1(MetalsLanguageServer.scala:1649)
	at scala.meta.internal.metals.CancelTokens$.future(CancelTokens.scala:38)
	at scala.meta.internal.metals.MetalsLanguageServer.codeAction(MetalsLanguageServer.scala:1648)
	... 16 more

2022.06.23 16:46:43 INFO  time: compiled root-test in 1.15s[0m
Jun 23, 2022 4:46:44 PM org.eclipse.lsp4j.jsonrpc.RemoteEndpoint fallbackResponseError
SEVERE: Internal error: java.lang.reflect.InvocationTargetException
java.lang.RuntimeException: java.lang.reflect.InvocationTargetException
	at org.eclipse.lsp4j.jsonrpc.services.GenericEndpoint.lambda$null$0(GenericEndpoint.java:67)
	at org.eclipse.lsp4j.jsonrpc.services.GenericEndpoint.request(GenericEndpoint.java:120)
	at org.eclipse.lsp4j.jsonrpc.RemoteEndpoint.handleRequest(RemoteEndpoint.java:261)
	at org.eclipse.lsp4j.jsonrpc.RemoteEndpoint.consume(RemoteEndpoint.java:190)
	at org.eclipse.lsp4j.jsonrpc.json.StreamMessageProducer.handleMessage(StreamMessageProducer.java:194)
	at org.eclipse.lsp4j.jsonrpc.json.StreamMessageProducer.listen(StreamMessageProducer.java:94)
	at org.eclipse.lsp4j.jsonrpc.json.ConcurrentMessageProcessor.run(ConcurrentMessageProcessor.java:113)
	at java.util.concurrent.Executors$RunnableAdapter.call(Executors.java:511)
	at java.util.concurrent.FutureTask.run(FutureTask.java:266)
	at java.util.concurrent.ThreadPoolExecutor.runWorker(ThreadPoolExecutor.java:1149)
	at java.util.concurrent.ThreadPoolExecutor$Worker.run(ThreadPoolExecutor.java:624)
	at java.lang.Thread.run(Thread.java:748)
Caused by: java.lang.reflect.InvocationTargetException
	at sun.reflect.NativeMethodAccessorImpl.invoke0(Native Method)
	at sun.reflect.NativeMethodAccessorImpl.invoke(NativeMethodAccessorImpl.java:62)
	at sun.reflect.DelegatingMethodAccessorImpl.invoke(DelegatingMethodAccessorImpl.java:43)
	at java.lang.reflect.Method.invoke(Method.java:498)
	at org.eclipse.lsp4j.jsonrpc.services.GenericEndpoint.lambda$null$0(GenericEndpoint.java:65)
	... 11 more
Caused by: java.lang.IllegalArgumentException: 30 is not a valid line number, allowed [0..0]
	at scala.meta.internal.inputs.InternalInput.lineToOffset(InternalInput.scala:37)
	at scala.meta.internal.inputs.InternalInput.lineToOffset$(InternalInput.scala:32)
	at scala.meta.inputs.Input$VirtualFile.lineToOffset(Input.scala:80)
	at scala.meta.inputs.Position$Range$.apply(Position.scala:59)
	at scala.meta.internal.mtags.MtagsEnrichments$XtensionPositionLspInverse.toMeta(MtagsEnrichments.scala:179)
	at scala.meta.internal.parsing.Trees.$anonfun$findLastEnclosingAt$4(Trees.scala:76)
	at scala.Option.flatMap(Option.scala:283)
	at scala.meta.internal.parsing.Trees.findLastEnclosingAt(Trees.scala:75)
	at scala.meta.internal.metals.codeactions.PatternMatchRefactor.contribute(PatternMatchRefactor.scala:96)
	at scala.meta.internal.metals.CodeActionProvider$$anonfun$1.applyOrElse(CodeActionProvider.scala:64)
	at scala.meta.internal.metals.CodeActionProvider$$anonfun$1.applyOrElse(CodeActionProvider.scala:63)
	at scala.collection.immutable.List.collect(List.scala:275)
	at scala.meta.internal.metals.CodeActionProvider.codeActions(CodeActionProvider.scala:63)
	at scala.meta.internal.metals.MetalsLanguageServer.$anonfun$codeAction$1(MetalsLanguageServer.scala:1649)
	at scala.meta.internal.metals.CancelTokens$.future(CancelTokens.scala:38)
	at scala.meta.internal.metals.MetalsLanguageServer.codeAction(MetalsLanguageServer.scala:1648)
	... 16 more

2022.06.23 16:46:50 INFO  compiling root (1 scala source)[0m
2022.06.23 16:46:51 INFO  time: compiled root in 1.06s[0m
2022.06.23 16:47:38 INFO  compiling root (1 scala source)[0m
2022.06.23 16:47:38 INFO  time: compiled root in 0.45s[0m
2022.06.23 16:47:57 INFO  compiling root (1 scala source)[0m
2022.06.23 16:47:57 INFO  time: compiled root in 0.66s[0m
2022.06.23 16:49:45 INFO  compiling root (1 scala source)[0m
2022.06.23 16:49:45 INFO  time: compiled root in 0.86s[0m
2022.06.23 16:50:34 INFO  compiling root (1 scala source)[0m
2022.06.23 16:50:34 INFO  time: compiled root in 0.63s[0m
2022.06.23 16:54:57 INFO  compiling root (1 scala source)[0m
2022.06.23 16:54:58 INFO  time: compiled root in 1.02s[0m
2022.06.23 16:55:56 INFO  compiling root (1 scala source)[0m
2022.06.23 16:55:56 INFO  time: compiled root in 0.5s[0m
2022.06.23 16:56:29 INFO  compiling root (1 scala source)[0m
2022.06.23 16:56:29 INFO  time: compiled root in 0.34s[0m
2022.06.23 16:56:48 INFO  compiling root (1 scala source)[0m
2022.06.23 16:56:48 INFO  time: compiled root in 0.86s[0m
2022.06.23 16:57:49 INFO  compiling root (1 scala source)[0m
2022.06.23 16:57:50 INFO  time: compiled root in 1.09s[0m
Jun 23, 2022 5:06:29 PM org.eclipse.lsp4j.jsonrpc.RemoteEndpoint handleCancellation
WARNING: Unmatched cancel notification for request id 1556
2022.06.23 17:07:06 INFO  compiling root (1 scala source)[0m
2022.06.23 17:07:07 INFO  time: compiled root in 1.22s[0m
2022.06.23 17:07:47 INFO  compiling root (1 scala source)[0m
2022.06.23 17:07:47 INFO  time: compiled root in 0.91s[0m
2022.06.23 17:08:08 INFO  compiling root (1 scala source)[0m
2022.06.23 17:08:08 INFO  time: compiled root in 0.31s[0m
2022.06.23 17:08:14 INFO  compiling root (1 scala source)[0m
2022.06.23 17:08:14 INFO  time: compiled root in 0.82s[0m
2022.06.23 17:12:53 INFO  compiling root (1 scala source)[0m
2022.06.23 17:12:53 INFO  time: compiled root in 0.92s[0m
2022.06.23 17:13:02 INFO  compiling root (1 scala source)[0m
2022.06.23 17:13:02 INFO  time: compiled root in 0.86s[0m
Jun 23, 2022 5:43:01 PM org.eclipse.lsp4j.jsonrpc.RemoteEndpoint handleCancellation
WARNING: Unmatched cancel notification for request id 2711
Jun 23, 2022 5:48:24 PM org.eclipse.lsp4j.jsonrpc.services.GenericEndpoint notify
INFO: Unsupported notification method: $/setTrace
Exception in thread "pool-5-thread-1" java.lang.Error: java.lang.InterruptedException
	at java.util.concurrent.ThreadPoolExecutor.runWorker(ThreadPoolExecutor.java:1155)
	at java.util.concurrent.ThreadPoolExecutor$Worker.run(ThreadPoolExecutor.java:624)
	at java.lang.Thread.run(Thread.java:748)
Caused by: java.lang.InterruptedException
	at scala.meta.internal.metals.FutureCancelToken.checkCanceled(FutureCancelToken.scala:29)
	at scala.meta.internal.pc.CompilerAccess.onCompilerJobQueue$$anonfun$1(CompilerAccess.scala:195)
	at scala.meta.internal.pc.CompilerJobQueue$Job.run(CompilerJobQueue.scala:139)
	at java.util.concurrent.ThreadPoolExecutor.runWorker(ThreadPoolExecutor.java:1149)
	... 2 more
2022.06.23 17:52:43 INFO  compiling root (1 scala source)[0m
2022.06.23 17:52:43 INFO  time: compiled root in 0.75s[0m
2022.06.23 17:54:16 INFO  compiling root (1 scala source)[0m
2022.06.23 17:54:16 INFO  time: compiled root in 0.51s[0m
2022.06.23 17:54:44 INFO  compiling root (1 scala source)[0m
2022.06.23 17:54:44 INFO  time: compiled root in 0.67s[0m
2022.06.23 17:55:15 INFO  compiling root (1 scala source)[0m
2022.06.23 17:55:15 INFO  time: compiled root in 0.6s[0m
2022.06.23 17:57:18 INFO  compiling root (1 scala source)[0m
2022.06.23 17:57:18 INFO  time: compiled root in 0.74s[0m
2022.06.23 17:57:25 INFO  compiling root (1 scala source)[0m
2022.06.23 17:57:25 INFO  time: compiled root in 0.61s[0m
2022.06.23 17:57:45 INFO  compiling root (1 scala source)[0m
2022.06.23 17:57:45 INFO  time: compiled root in 0.38s[0m
2022.06.23 17:58:31 INFO  compiling root (1 scala source)[0m
2022.06.23 17:58:31 INFO  time: compiled root in 0.24s[0m
